<?xml version="1.0" encoding="UTF-8"?>
<testng-results ignored="0" total="2" passed="2" failed="0" skipped="0">
  <reporter-output>
  </reporter-output>
  <suite started-at="2021-11-10T19:49:30 IST" name="Default suite" finished-at="2021-11-10T19:49:30 IST" duration-ms="74">
    <groups>
    </groups>
    <test started-at="2021-11-10T19:49:30 IST" name="Default test" finished-at="2021-11-10T19:49:30 IST" duration-ms="74">
      <class name="Testpac.Day1">
        <test-method signature="Demo()[pri:0, instance:Testpac.Day1@3c947bc5]" started-at="2021-11-10T19:49:30 IST" name="Demo" finished-at="2021-11-10T19:49:30 IST" duration-ms="13" status="PASS">
          <reporter-output>
          </reporter-output>
        </test-method> <!-- Demo -->
        <test-method signature="Demo1()[pri:0, instance:Testpac.Day1@3c947bc5]" started-at="2021-11-10T19:49:30 IST" name="Demo1" finished-at="2021-11-10T19:49:30 IST" duration-ms="0" status="PASS">
          <reporter-output>
          </reporter-output>
        </test-method> <!-- Demo1 -->
      </class> <!-- Testpac.Day1 -->
    </test> <!-- Default test -->
  </suite> <!-- Default suite -->
</testng-results>
